2025-03-31 20:43:47,189:INFO:youkoso: YoukosoCommandsクラスが初期化されました
2025-03-31 20:43:47,190:INFO:youkoso: ようこそコマンドが登録されました
2025-03-31 20:43:56,047:INFO:youkoso: サーバー 動画班鯖 でようこそメッセージを有効化しました。チャンネル: ┣入口│🖐よううこそ
2025-03-31 20:44:21,535:INFO:youkoso: サーバー 動画班鯖 でようこそメッセージを有効化しました。チャンネル: ┣入口│🖐よううこそ
2025-03-31 20:47:11,094:INFO:youkoso: YoukosoCommandsクラスが初期化されました
2025-03-31 20:47:11,094:INFO:youkoso: ようこそコマンドが登録されました
2025-03-31 20:47:37,949:INFO:youkoso: サーバー 動画班鯖 でようこそメッセージを有効化しました。チャンネル: ┣入口│🖐よううこそ
2025-03-31 20:47:52,968:INFO:youkoso: youkoso_command内のon_member_joinが呼び出されました: youme7426sub2_18017
2025-03-31 20:47:53,345:INFO:youkoso: ようこそメッセージを送信しました: youme7426sub2_18017 -> ┣入口│🖐よううこそ
2025-03-31 20:51:59,325:INFO:youkoso: YoukosoCommandsクラスが初期化されました
2025-03-31 20:51:59,325:INFO:youkoso: ようこそコマンドが登録されました
2025-03-31 20:55:51,690:INFO:youkoso: youkoso_command内のon_member_joinが呼び出されました: yotsushi0859
2025-03-31 20:55:51,991:INFO:youkoso: ようこそメッセージを送信しました: yotsushi0859 -> ┣入口│🖐よううこそ
2025-03-31 21:01:06,959:INFO:youkoso: youkoso_command内のon_member_joinが呼び出されました: runa_0001
2025-03-31 21:01:07,320:INFO:youkoso: ようこそメッセージを送信しました: runa_0001 -> ┣入口│🖐よううこそ
2025-04-01 07:36:34,141:INFO:youkoso: YoukosoCommandsクラスが初期化されました
2025-04-01 07:36:34,142:INFO:youkoso: ようこそコマンドが登録されました
2025-04-01 07:38:40,636:INFO:youkoso: YoukosoCommandsクラスが初期化されました
2025-04-01 07:38:40,638:INFO:youkoso: ようこそコマンドが登録されました
2025-04-01 08:22:47,443:INFO:youkoso: YoukosoCommandsクラスが初期化されました
2025-04-01 08:22:47,444:INFO:youkoso: ようこそコマンドが登録されました
2025-04-01 08:32:45,320:INFO:youkoso: YoukosoCommandsクラスが初期化されました
2025-04-01 08:32:45,321:INFO:youkoso: ようこそコマンドが登録されました
2025-04-01 08:42:32,199:INFO:youkoso: YoukosoCommandsクラスが初期化されました
2025-04-01 08:42:32,201:INFO:youkoso: ようこそコマンドが登録されました
2025-04-01 08:45:42,535:INFO:youkoso: YoukosoCommandsクラスが初期化されました
2025-04-01 08:45:42,535:INFO:youkoso: ようこそコマンドが登録されました
2025-04-01 08:49:52,346:INFO:youkoso: YoukosoCommandsクラスが初期化されました
2025-04-01 08:49:52,346:INFO:youkoso: ようこそコマンドが登録されました
2025-04-01 08:53:24,989:INFO:youkoso: YoukosoCommandsクラスが初期化されました
2025-04-01 08:53:24,990:INFO:youkoso: ようこそコマンドが登録されました
2025-04-01 08:55:50,436:INFO:youkoso: YoukosoCommandsクラスが初期化されました
2025-04-01 08:55:50,436:INFO:youkoso: ようこそコマンドが登録されました
2025-04-01 08:59:26,798:INFO:youkoso: YoukosoCommandsクラスが初期化されました
2025-04-01 08:59:26,798:INFO:youkoso: ようこそコマンドが登録されました
2025-04-01 09:01:20,732:INFO:youkoso: YoukosoCommandsクラスが初期化されました
2025-04-01 09:01:20,733:INFO:youkoso: ようこそコマンドが登録されました
2025-04-02 16:32:10,053:INFO:youkoso: YoukosoCommandsクラスが初期化されました
2025-04-02 16:32:10,053:INFO:youkoso: ようこそコマンドが登録されました
2025-04-02 16:36:03,268:INFO:youkoso: サーバー 動画班鯖 でようこそメッセージを有効化しました。チャンネル: ┣入口│🖐よううこそ
2025-04-02 19:27:55,744:INFO:youkoso: youkoso_command内のon_member_joinが呼び出されました: 0kdr
2025-04-02 19:27:56,250:INFO:youkoso: ようこそメッセージを送信しました: 0kdr -> ┣入口│🖐よううこそ
2025-04-02 19:31:26,598:INFO:youkoso: YoukosoCommandsクラスが初期化されました
2025-04-02 19:31:26,598:INFO:youkoso: ようこそコマンドが登録されました
2025-04-02 20:06:40,891:INFO:youkoso: YoukosoCommandsクラスが初期化されました
2025-04-02 20:06:40,892:INFO:youkoso: ようこそコマンドが登録されました
2025-04-02 20:14:04,051:INFO:youkoso: YoukosoCommandsクラスが初期化されました
2025-04-02 20:14:04,051:INFO:youkoso: ようこそコマンドが登録されました
2025-04-02 20:16:04,497:INFO:youkoso: YoukosoCommandsクラスが初期化されました
2025-04-02 20:16:04,498:INFO:youkoso: ようこそコマンドが登録されました
2025-04-02 20:19:49,131:INFO:youkoso: YoukosoCommandsクラスが初期化されました
2025-04-02 20:19:49,131:INFO:youkoso: ようこそコマンドが登録されました
2025-04-02 20:44:18,465:INFO:youkoso: YoukosoCommandsクラスが初期化されました
2025-04-02 20:44:18,465:INFO:youkoso: ようこそコマンドが登録されました
2025-04-02 20:51:30,996:INFO:youkoso: YoukosoCommandsクラスが初期化されました
2025-04-02 20:51:30,997:INFO:youkoso: ようこそコマンドが登録されました
2025-04-02 20:56:47,640:INFO:youkoso: YoukosoCommandsクラスが初期化されました
2025-04-02 20:56:47,640:INFO:youkoso: ようこそコマンドが登録されました
2025-04-02 21:03:30,307:INFO:youkoso: YoukosoCommandsクラスが初期化されました
2025-04-02 21:03:30,307:INFO:youkoso: ようこそコマンドが登録されました
